<?xml version="1.0" encoding="UTF-8"?>
<testsuite name="com.bmcl.refactoring.example5.TurtleTest" tests="3" skipped="0" failures="0" errors="0" timestamp="2024-11-05T14:24:17" hostname="BEATRIZ" time="0.013">
  <properties/>
  <testcase name="testForward()" classname="com.bmcl.refactoring.example5.TurtleTest" time="0.011"/>
  <testcase name="testRotateLeft()" classname="com.bmcl.refactoring.example5.TurtleTest" time="0.001"/>
  <testcase name="testRotateRight()" classname="com.bmcl.refactoring.example5.TurtleTest" time="0.001"/>
  <system-out><![CDATA[]]></system-out>
  <system-err><![CDATA[]]></system-err>
</testsuite>
